info: Dec-06-2021 12:47:42: 	Categoría API iniciando en el puerto: 9000
error: Dec-06-2021 12:48:50: 	404 || undefined - /favicon.ico - GET - ::1
error: Dec-06-2021 12:48:50: 	404 - undefined - Not Found - /favicon.ico - GET - ::1
error: Dec-06-2021 12:48:58: 	404 || undefined - /api/hola - GET - ::1
error: Dec-06-2021 12:48:58: 	404 - undefined - Not Found - /api/hola - GET - ::1
info: Dec-06-2021 12:49:40: 	Categoría API iniciando en el puerto: 9000
info: Dec-06-2021 12:50:00: 	Categoría API iniciando en el puerto: 9000
info: Dec-06-2021 12:50:04: 	Categoría API iniciando en el puerto: 9000
info: Dec-06-2021 12:50:26: 	Categoría API iniciando en el puerto: 9000
info: Dec-06-2021 12:50:37: 	Categoría API iniciando en el puerto: 9000
info: Dec-06-2021 12:50:42: 	Categoría API iniciando en el puerto: 9000
info: Dec-06-2021 12:50:53: 	Categoría API iniciando en el puerto: 9000
info: Dec-06-2021 12:50:58: 	Categoría API iniciando en el puerto: 9000
info: Dec-06-2021 12:51:52: 	Categoría API iniciando en el puerto: 9000
info: Dec-06-2021 12:52:02: 	Categoría API iniciando en el puerto: 9000
info: Dec-06-2021 12:52:31: 	Categoría API iniciando en el puerto: 9000
info: Dec-06-2021 12:52:40: 	Categoría API iniciando en el puerto: 9000
info: Dec-06-2021 12:52:54: 	Categoría API iniciando en el puerto: 9000
info: Dec-06-2021 12:53:03: 	Categoría API iniciando en el puerto: 9000
info: Dec-06-2021 12:53:05: 	Categoría API iniciando en el puerto: 9000
info: Dec-06-2021 12:53:18: 	Categoría API iniciando en el puerto: 9000
info: Dec-06-2021 12:53:31: 	Categoría API iniciando en el puerto: 9000
info: Dec-06-2021 12:53:40: 	Categoría API iniciando en el puerto: 9000
info: Dec-06-2021 12:53:52: 	Categoría API iniciando en el puerto: 9000
info: Dec-06-2021 12:54:05: 	Categoría API iniciando en el puerto: 9000
info: Dec-06-2021 12:54:34: 	Categoría API iniciando en el puerto: 9000
info: Dec-06-2021 12:54:47: 	Categoría API iniciando en el puerto: 9000
info: Dec-06-2021 12:56:08: 	Categoría API iniciando en el puerto: 9000
info: Dec-06-2021 12:56:41: 	Categoría API iniciando en el puerto: 9000
info: Dec-06-2021 12:57:38: 	Categoría API iniciando en el puerto: 9000
info: Dec-06-2021 12:58:04: 	Categoría API iniciando en el puerto: 9000
info: Dec-06-2021 12:58:15: 	Categoría API iniciando en el puerto: 9000
