2022-08-05T15:57:46.710Z [32minfo[39m: 	**************************************************************
2022-08-05T15:57:46.711Z [32minfo[39m: 	       Función crearXML.
2022-08-05T15:57:46.711Z [32minfo[39m: 	**************************************************************
2022-08-05T15:57:46.711Z [32minfo[39m: 	Creando la fecha de creación del XML.
2022-08-05T15:57:46.711Z [32minfo[39m: 	Obteniendo los atributos generales del XML.
2022-08-05T15:57:46.711Z [32minfo[39m: 	Colocando los atributos generales en el XML.
2022-08-05T15:57:46.711Z [32minfo[39m: 	Obteniendo la información del Emisor.
2022-08-05T15:57:46.711Z [32minfo[39m: 	Verificando el nombre del Emisor.
2022-08-05T15:57:46.712Z [32minfo[39m: 	Colocando el nodo Emisor en el XML.
2022-08-05T15:57:46.712Z [32minfo[39m: 	Obteniendo la información del Receptor.
2022-08-05T15:57:46.712Z [32minfo[39m: 	Verificando el nombre del Receptor.
2022-08-05T15:57:46.712Z [32minfo[39m: 	Colocando el nodo Receptor en el XML.
2022-08-05T15:57:46.712Z [32minfo[39m: 	Obteniendo la información de los Conceptos.
2022-08-05T15:57:46.712Z [32minfo[39m: 	Colocando nodo Concepto en el XML.
2022-08-05T15:57:46.712Z [32minfo[39m: 	Obteniendo la información de los Impuestos de los Conceptos que los incluyan.
2022-08-05T15:57:46.712Z [32minfo[39m: 	Obteniendo la información de los Impuestos - Traslados de los Conceptos que los incluyan.
2022-08-05T15:57:46.715Z [32minfo[39m: 	Colocando nodo Impuesto - Traslado en el XML.
2022-08-05T15:57:46.715Z [32minfo[39m: 	Obteniendo la información de los Impuestos - Retenciones de los Conceptos que los incluyan.
2022-08-05T15:57:46.715Z [32minfo[39m: 	Colocando nodo Impuesto - Retencion en el XML.
2022-08-05T15:57:46.715Z [32minfo[39m: 	Colocando nodo Concepto en el XML.
2022-08-05T15:57:46.715Z [32minfo[39m: 	Obteniendo la información de los Impuestos de los Conceptos que los incluyan.
2022-08-05T15:57:46.715Z [32minfo[39m: 	Obteniendo la información de los Impuestos - Traslados de los Conceptos que los incluyan.
2022-08-05T15:57:46.715Z [32minfo[39m: 	Colocando nodo Impuesto - Traslado en el XML.
2022-08-05T15:57:46.715Z [32minfo[39m: 	Colocando nodo Impuesto - Traslado en el XML.
2022-08-05T15:57:46.715Z [32minfo[39m: 	Obteniendo la información de los Impuestos.
2022-08-05T15:57:46.715Z [32minfo[39m: 	Obteniendo la información de los Impuestos - Retenciones.
2022-08-05T15:57:46.716Z [32minfo[39m: 	Colocando nodo de Impuestos - Retenciones.
2022-08-05T15:57:46.716Z [32minfo[39m: 	Obteniendo la información de los Impuestos - Traslados.
2022-08-05T15:57:46.716Z [32minfo[39m: 	Colocando nodo de Impuestos - Traslados.
2022-08-05T15:57:46.716Z [32minfo[39m: 	Colocando nodo de Impuestos - Traslados.
2022-08-05T15:57:46.716Z [32minfo[39m: 	Colocando nodo de Impuestos - Traslados.
2022-08-05T15:57:46.716Z [32minfo[39m: 	Termina proceso de creación de XML.
2022-08-05T15:57:46.716Z [32minfo[39m: 	Convirtiendo XML a base 64.
2022-08-05T15:57:46.716Z [32minfo[39m: 	Enviado XML en base 64 a Timbrar...
2022-08-05T16:00:32.620Z [32minfo[39m: 	**************************************************************
2022-08-05T16:00:32.621Z [32minfo[39m: 	       Función crearXML.
2022-08-05T16:00:32.621Z [32minfo[39m: 	**************************************************************
2022-08-05T16:00:32.621Z [32minfo[39m: 	Creando la fecha de creación del XML.
2022-08-05T16:00:32.622Z [32minfo[39m: 	Obteniendo los atributos generales del XML.
2022-08-05T16:00:32.622Z [32minfo[39m: 	Colocando los atributos generales en el XML.
2022-08-05T16:00:32.622Z [32minfo[39m: 	Obteniendo la información del Emisor.
2022-08-05T16:00:32.622Z [32minfo[39m: 	Verificando el nombre del Emisor.
2022-08-05T16:00:32.622Z [32minfo[39m: 	Colocando el nodo Emisor en el XML.
2022-08-05T16:00:32.622Z [32minfo[39m: 	Obteniendo la información del Receptor.
2022-08-05T16:00:32.622Z [32minfo[39m: 	Verificando el nombre del Receptor.
2022-08-05T16:00:32.622Z [32minfo[39m: 	Colocando el nodo Receptor en el XML.
2022-08-05T16:00:32.622Z [32minfo[39m: 	Obteniendo la información de los Conceptos.
2022-08-05T16:00:32.622Z [32minfo[39m: 	Colocando nodo Concepto en el XML.
2022-08-05T16:00:32.622Z [32minfo[39m: 	Obteniendo la información de los Impuestos de los Conceptos que los incluyan.
2022-08-05T16:00:32.622Z [32minfo[39m: 	Obteniendo la información de los Impuestos - Traslados de los Conceptos que los incluyan.
2022-08-05T16:00:32.625Z [32minfo[39m: 	Colocando nodo Impuesto - Traslado en el XML.
2022-08-05T16:00:32.625Z [32minfo[39m: 	Obteniendo la información de los Impuestos - Retenciones de los Conceptos que los incluyan.
2022-08-05T16:00:32.625Z [32minfo[39m: 	Colocando nodo Impuesto - Retencion en el XML.
2022-08-05T16:00:32.625Z [32minfo[39m: 	Colocando nodo Concepto en el XML.
2022-08-05T16:00:32.625Z [32minfo[39m: 	Obteniendo la información de los Impuestos de los Conceptos que los incluyan.
2022-08-05T16:00:32.625Z [32minfo[39m: 	Obteniendo la información de los Impuestos - Traslados de los Conceptos que los incluyan.
2022-08-05T16:00:32.625Z [32minfo[39m: 	Colocando nodo Impuesto - Traslado en el XML.
2022-08-05T16:00:32.625Z [32minfo[39m: 	Colocando nodo Impuesto - Traslado en el XML.
2022-08-05T16:00:32.625Z [32minfo[39m: 	Obteniendo la información de los Impuestos.
2022-08-05T16:00:32.626Z [32minfo[39m: 	Obteniendo la información de los Impuestos - Retenciones.
2022-08-05T16:00:32.626Z [32minfo[39m: 	Colocando nodo de Impuestos - Retenciones.
2022-08-05T16:00:32.626Z [32minfo[39m: 	Obteniendo la información de los Impuestos - Traslados.
2022-08-05T16:00:32.626Z [32minfo[39m: 	Colocando nodo de Impuestos - Traslados.
2022-08-05T16:00:32.626Z [32minfo[39m: 	Colocando nodo de Impuestos - Traslados.
2022-08-05T16:00:32.626Z [32minfo[39m: 	Colocando nodo de Impuestos - Traslados.
2022-08-05T16:00:32.626Z [32minfo[39m: 	Termina proceso de creación de XML.
2022-08-05T16:00:32.626Z [32minfo[39m: 	Convirtiendo XML a base 64.
2022-08-05T16:00:32.626Z [32minfo[39m: 	Enviado XML en base 64 a Timbrar...
2022-08-05T16:00:59.033Z [32minfo[39m: 	**************************************************************
2022-08-05T16:00:59.034Z [32minfo[39m: 	       Función crearXML.
2022-08-05T16:00:59.034Z [32minfo[39m: 	**************************************************************
2022-08-05T16:00:59.034Z [32minfo[39m: 	Creando la fecha de creación del XML.
2022-08-05T16:00:59.034Z [32minfo[39m: 	Obteniendo los atributos generales del XML.
2022-08-05T16:00:59.034Z [32minfo[39m: 	Colocando los atributos generales en el XML.
2022-08-05T16:00:59.034Z [32minfo[39m: 	Obteniendo la información del Emisor.
2022-08-05T16:00:59.034Z [32minfo[39m: 	Verificando el nombre del Emisor.
2022-08-05T16:00:59.034Z [32minfo[39m: 	Colocando el nodo Emisor en el XML.
2022-08-05T16:00:59.034Z [32minfo[39m: 	Obteniendo la información del Receptor.
2022-08-05T16:00:59.034Z [32minfo[39m: 	Verificando el nombre del Receptor.
2022-08-05T16:00:59.034Z [32minfo[39m: 	Colocando el nodo Receptor en el XML.
2022-08-05T16:00:59.034Z [32minfo[39m: 	Obteniendo la información de los Conceptos.
2022-08-05T16:00:59.035Z [32minfo[39m: 	Colocando nodo Concepto en el XML.
2022-08-05T16:00:59.035Z [32minfo[39m: 	Obteniendo la información de los Impuestos de los Conceptos que los incluyan.
2022-08-05T16:00:59.035Z [32minfo[39m: 	Obteniendo la información de los Impuestos - Traslados de los Conceptos que los incluyan.
2022-08-05T16:00:59.037Z [32minfo[39m: 	Colocando nodo Impuesto - Traslado en el XML.
2022-08-05T16:00:59.037Z [32minfo[39m: 	Obteniendo la información de los Impuestos - Retenciones de los Conceptos que los incluyan.
2022-08-05T16:00:59.037Z [32minfo[39m: 	Colocando nodo Impuesto - Retencion en el XML.
2022-08-05T16:00:59.037Z [32minfo[39m: 	Colocando nodo Concepto en el XML.
2022-08-05T16:00:59.037Z [32minfo[39m: 	Obteniendo la información de los Impuestos de los Conceptos que los incluyan.
2022-08-05T16:00:59.037Z [32minfo[39m: 	Obteniendo la información de los Impuestos - Traslados de los Conceptos que los incluyan.
2022-08-05T16:00:59.038Z [32minfo[39m: 	Colocando nodo Impuesto - Traslado en el XML.
2022-08-05T16:00:59.038Z [32minfo[39m: 	Colocando nodo Impuesto - Traslado en el XML.
2022-08-05T16:00:59.038Z [32minfo[39m: 	Obteniendo la información de los Impuestos.
2022-08-05T16:00:59.038Z [32minfo[39m: 	Obteniendo la información de los Impuestos - Retenciones.
2022-08-05T16:00:59.038Z [32minfo[39m: 	Colocando nodo de Impuestos - Retenciones.
2022-08-05T16:00:59.038Z [32minfo[39m: 	Obteniendo la información de los Impuestos - Traslados.
2022-08-05T16:00:59.038Z [32minfo[39m: 	Colocando nodo de Impuestos - Traslados.
2022-08-05T16:00:59.038Z [32minfo[39m: 	Colocando nodo de Impuestos - Traslados.
2022-08-05T16:00:59.038Z [32minfo[39m: 	Colocando nodo de Impuestos - Traslados.
2022-08-05T16:00:59.038Z [32minfo[39m: 	Termina proceso de creación de XML.
2022-08-05T16:00:59.039Z [32minfo[39m: 	Convirtiendo XML a base 64.
2022-08-05T16:00:59.039Z [32minfo[39m: 	Enviado XML en base 64 a Timbrar...
