2022-08-09T15:49:17.876Z [32minfo[39m: 	**************************************************************
2022-08-09T15:49:17.877Z [32minfo[39m: 	       Función getPDFPolymex.
2022-08-09T15:49:17.877Z [32minfo[39m: 	**************************************************************
2022-08-09T15:49:17.877Z [32minfo[39m: 	Obteniendo la información del TXT
2022-08-09T15:49:17.877Z [32minfo[39m: 	Obteniendo la información del TXT: emailTo
2022-08-09T15:49:17.877Z [32minfo[39m: 	Obteniendo la información del TXT: emailCC
2022-08-09T15:49:17.877Z [32minfo[39m: 	Obteniendo la información del TXT: encabezado
2022-08-09T15:49:17.882Z [32minfo[39m: 	Convirtiendo el archivo XML a json.
2022-08-09T15:49:17.888Z [32minfo[39m: 	Obteniendo la Información Global del xml.
2022-08-09T15:49:17.889Z [32minfo[39m: 	Obteniendo los Atributos del xml.
2022-08-09T15:49:17.889Z [32minfo[39m: 	Obteniendo la información del Emisor
2022-08-09T15:49:17.889Z [32minfo[39m: 	Obteniendo la información del Receptor
2022-08-09T15:49:17.889Z [32minfo[39m: 	Obteniendo la información de los Conceptos
2022-08-09T15:49:17.889Z [32minfo[39m: 	Obteniendo la información del Complemento
2022-08-09T15:49:17.889Z [32minfo[39m: 	Obteniendo la información del TXT: Lotes
2022-08-09T15:49:17.889Z [32minfo[39m: 	Obteniendo la información del TXT: Piezas
2022-08-09T15:49:17.889Z [32minfo[39m: 	Obteniendo la información del TXT: Referencias Cruzadas
2022-08-09T15:49:18.877Z [32minfo[39m: 	Obteniendo la información de los CFDI Relacionados
2022-08-09T15:49:18.935Z [32minfo[39m: 	Obteniendo la información del Complemento de Comercio Exterior
2022-08-09T15:49:18.935Z [32minfo[39m: 	Obteniendo la información de las Leyendas Fiscales
2022-08-09T15:49:18.936Z [32minfo[39m: 	Obteniendo la información del Timbre Fiscal Digital
2022-08-09T15:49:19.316Z [32minfo[39m: 	Generando Código QR
2022-08-09T15:49:19.787Z [32minfo[39m: 	Guardando Imagen de Código QR
2022-08-09T15:49:20.424Z [32minfo[39m: 	Obteniendo la información de los Impuestos
2022-08-09T15:49:20.921Z [32minfo[39m: 	Eliminando imagen Código QR
2022-08-09T15:49:20.922Z [32minfo[39m: 	Convirtiendo PDF A Base 64
2022-08-09T15:58:37.160Z [32minfo[39m: 	**************************************************************
2022-08-09T15:58:37.161Z [32minfo[39m: 	       Función getPDFPolymex.
2022-08-09T15:58:37.161Z [32minfo[39m: 	**************************************************************
2022-08-09T15:58:37.161Z [32minfo[39m: 	Obteniendo la información del TXT
2022-08-09T15:58:37.162Z [32minfo[39m: 	Obteniendo la información del TXT: emailTo
2022-08-09T15:58:37.162Z [32minfo[39m: 	Obteniendo la información del TXT: emailCC
2022-08-09T15:58:37.162Z [32minfo[39m: 	Obteniendo la información del TXT: encabezado
2022-08-09T15:58:37.166Z [32minfo[39m: 	Convirtiendo el archivo XML a json.
2022-08-09T15:58:37.172Z [32minfo[39m: 	Obteniendo la Información Global del xml.
2022-08-09T15:58:37.172Z [32minfo[39m: 	Obteniendo los Atributos del xml.
2022-08-09T15:58:37.172Z [32minfo[39m: 	Obteniendo la información del Emisor
2022-08-09T15:58:37.173Z [32minfo[39m: 	Obteniendo la información del Receptor
2022-08-09T15:58:37.173Z [32minfo[39m: 	Obteniendo la información de los Conceptos
2022-08-09T15:58:37.173Z [32minfo[39m: 	Obteniendo la información del Complemento
2022-08-09T15:58:37.173Z [32minfo[39m: 	Obteniendo la información del TXT: Lotes
2022-08-09T15:58:37.173Z [32minfo[39m: 	Obteniendo la información del TXT: Piezas
2022-08-09T15:58:37.173Z [32minfo[39m: 	Obteniendo la información del TXT: Referencias Cruzadas
2022-08-09T15:58:38.162Z [32minfo[39m: 	Obteniendo la información de los CFDI Relacionados
2022-08-09T15:58:38.217Z [32minfo[39m: 	Obteniendo la información del Complemento de Comercio Exterior
2022-08-09T15:58:38.217Z [32minfo[39m: 	Obteniendo la información de las Leyendas Fiscales
2022-08-09T15:58:38.217Z [32minfo[39m: 	Obteniendo la información del Timbre Fiscal Digital
2022-08-09T15:58:38.288Z [32minfo[39m: 	Generando Código QR
2022-08-09T15:58:38.715Z [32minfo[39m: 	Guardando Imagen de Código QR
2022-08-09T15:58:39.339Z [32minfo[39m: 	Obteniendo la información de los Impuestos
2022-08-09T15:58:39.856Z [32minfo[39m: 	Eliminando imagen Código QR
2022-08-09T15:58:39.857Z [32minfo[39m: 	Convirtiendo PDF A Base 64
